<?xml version="1.1" encoding="UTF-8"?>
<testsuite name="spring.mvc.HelloControllerTest" tests="1" failures="0" errors="0" timestamp="2014-01-07T05:25:48" hostname="ry-PC" time="0.011">
  <properties/>
  <testcase name="should_render_hello_page_contains_the_message_value" classname="spring.mvc.HelloControllerTest" time="0.011"/>
  <system-out><![CDATA[]]></system-out>
  <system-err><![CDATA[]]></system-err>
</testsuite>
